[www.waldorf-group.com/index.html]
[backblue.gif]
[fade.gif]
[index.html]
[www.waldorf-group.com/public/css/kule-lazy.min.css]
[www.waldorf-group.com/public/css/kule-theme-default.min.css]
[www.waldorf-group.com/public/css/font-awesome.min.css]
[www.waldorf-group.com/public/css/waldorf.css]
[www.waldorf-group.com/investor.html]
[www.waldorf-group.com/about.html]
[www.waldorf-group.com/public/img/main_navi_about_us.jpg]
[www.waldorf-group.com/companies.html]
[www.waldorf-group.com/public/img/main_navi_group_companies.jpg]
[www.waldorf-group.com/contact.html]
[www.waldorf-group.com/public/img/index_welcome_pic.jpg]
[www.waldorf-group.com/public/img/index_bottom_intro1.png]
[www.waldorf-group.com/public/img/index_bottom_intro2.png]
[www.waldorf-group.com/index.html]
[www.waldorf-group.com/public/img/index_bottom_intro3.png]
[www.waldorf-group.com/public/css/img/kule/select-arrow-small.png]
[www.waldorf-group.com/public/css/img/kule/divider.jpg]
[www.waldorf-group.com/public/css/kule-lazy.min.css]
[www.waldorf-group.com/public/css/kule-theme-default.min.css]
[www.waldorf-group.com/public/fonts/fontawesome-webfont5b62.eot]
[www.waldorf-group.com/public/fonts/fontawesome-webfontd41d.eot]
[www.waldorf-group.com/public/fonts/fontawesome-webfont5b62.woff2]
[www.waldorf-group.com/public/fonts/fontawesome-webfont5b62.woff]
[www.waldorf-group.com/public/fonts/fontawesome-webfont5b62.ttf]
[www.waldorf-group.com/public/css/font-awesome.min.css]
[www.waldorf-group.com/public/img/logo.png]
[www.waldorf-group.com/public/img/content_group_companies.jpg]
[www.waldorf-group.com/public/img/content_investor.jpg]
[www.waldorf-group.com/public/img/content_about_us.jpg]
[www.waldorf-group.com/public/img/content_contact_us.jpg]
[www.waldorf-group.com/public/img/content_contact_bg.jpg]
[www.waldorf-group.com/public/css/waldorf.css]
[www.waldorf-group.com/public/img/content_small_waldorf.png]
[www.waldorf-group.com/investor.html]
[www.waldorf-group.com/public/img/content_login_bg.png]
[www.waldorf-group.com/public/img/content_about_history.jpg]
[www.waldorf-group.com/public/img/content_about_future.jpg]
[www.waldorf-group.com/about.html]
[www.waldorf-group.com/public/img/content_about_team.jpg]
[www.waldorf-group.com/public/img/content_group_financial.jpg]
[www.waldorf-group.com/public/img/content_group_property.jpg]
[www.waldorf-group.com/companies.html]
[www.waldorf-group.com/public/img/content_group_entertainment.jpg]
[www.waldorf-group.com/public/img/content_group_casino.jpg]
[www.waldorf-group.com/public/img/content_group_fisheries.jpg]
[www.waldorf-group.com/contact.html]
[www.waldorf-group.com/public/fonts/fontawesome-webfont5b62.svg]
[www.waldorf-group.com/public/img/content_contact_map.jpg]
